<?xml version="1.0" encoding="UTF-8"?>
<coverage generated="1656477319521" clover="3.2.0">
  <project timestamp="1656477319521" name="All files">
    <metrics statements="140" coveredstatements="140" conditionals="17" coveredconditionals="17" methods="32" coveredmethods="32" elements="189" coveredelements="189" complexity="0" loc="140" ncloc="140" packages="6" files="7" classes="7"/>
    <package name="config.database">
      <metrics statements="5" coveredstatements="5" conditionals="0" coveredconditionals="0" methods="2" coveredmethods="2"/>
      <file name="typeorm-config.service.ts" path="D:\DungDM3\Penta\PentaSourceCode\PentaBackend\src\config\database\typeorm-config.service.ts">
        <metrics statements="5" coveredstatements="5" conditionals="0" coveredconditionals="0" methods="2" coveredmethods="2"/>
        <line num="1" count="1" type="stmt"/>
        <line num="2" count="1" type="stmt"/>
        <line num="6" count="1" type="stmt"/>
        <line num="7" count="2" type="stmt"/>
        <line num="10" count="1" type="stmt"/>
      </file>
    </package>
    <package name="modules.cronjob.service">
      <metrics statements="19" coveredstatements="19" conditionals="2" coveredconditionals="2" methods="2" coveredmethods="2"/>

    </package>
    <package name="modules.event.controller">
      <metrics statements="13" coveredstatements="13" conditionals="0" coveredconditionals="0" methods="3" coveredmethods="3"/>
      <file name="event.controller.ts" path="D:\DungDM3\Penta\PentaSourceCode\PentaBackend\src\modules\event\controller\event.controller.ts">
        <metrics statements="13" coveredstatements="13" conditionals="0" coveredconditionals="0" methods="3" coveredmethods="3"/>
        <line num="1" count="1" type="stmt"/>
        <line num="2" count="1" type="stmt"/>
        <line num="3" count="1" type="stmt"/>
        <line num="4" count="1" type="stmt"/>
        <line num="5" count="1" type="stmt"/>
        <line num="6" count="1" type="stmt"/>
        <line num="7" count="1" type="stmt"/>
        <line num="11" count="1" type="stmt"/>
        <line num="12" count="4" type="stmt"/>
        <line num="24" count="1" type="stmt"/>
        <line num="25" count="1" type="stmt"/>
        <line num="38" count="1" type="stmt"/>
        <line num="39" count="2" type="stmt"/>
      </file>
    </package>
    <package name="modules.event.service">
      <metrics statements="75" coveredstatements="75" conditionals="13" coveredconditionals="13" methods="18" coveredmethods="18"/>
      <file name="event.service.ts" path="D:\DungDM3\Penta\PentaSourceCode\PentaBackend\src\modules\event\service\event.service.ts">
        <metrics statements="75" coveredstatements="75" conditionals="13" coveredconditionals="13" methods="18" coveredmethods="18"/>
        <line num="1" count="3" type="stmt"/>
        <line num="2" count="3" type="stmt"/>
        <line num="3" count="3" type="stmt"/>
        <line num="4" count="3" type="stmt"/>
        <line num="5" count="3" type="stmt"/>
        <line num="16" count="3" type="stmt"/>
        <line num="17" count="3" type="stmt"/>
        <line num="23" count="3" type="stmt"/>
        <line num="25" count="17" type="stmt"/>
        <line num="26" count="17" type="stmt"/>
        <line num="27" count="17" type="stmt"/>
        <line num="39" count="2" type="stmt"/>
        <line num="41" count="2" type="cond" truecount="1" falsecount="0"/>
        <line num="42" count="1" type="stmt"/>
        <line num="50" count="1" type="stmt"/>
        <line num="52" count="1" type="stmt"/>
        <line num="54" count="1" type="stmt"/>
        <line num="61" count="1" type="stmt"/>
        <line num="63" count="1" type="stmt"/>
        <line num="65" count="1" type="stmt"/>
        <line num="70" count="1" type="stmt"/>
        <line num="93" count="2" type="stmt"/>
        <line num="95" count="2" type="cond" truecount="1" falsecount="0"/>
        <line num="96" count="1" type="stmt"/>
        <line num="102" count="1" type="stmt"/>
        <line num="104" count="1" type="cond" truecount="1" falsecount="0"/>
        <line num="105" count="1" type="stmt"/>
        <line num="111" count="1" type="stmt"/>
        <line num="118" count="1" type="stmt"/>
        <line num="120" count="1" type="stmt"/>
        <line num="122" count="1" type="stmt"/>
        <line num="124" count="1" type="stmt"/>
        <line num="125" count="1" type="cond" truecount="1" falsecount="0"/>
        <line num="126" count="1" type="stmt"/>
        <line num="127" count="1" type="stmt"/>
        <line num="130" count="1" type="stmt"/>
        <line num="143" count="1" type="cond" truecount="1" falsecount="0"/>
        <line num="147" count="1" type="stmt"/>
        <line num="159" count="1" type="stmt"/>
        <line num="160" count="1" type="stmt"/>
        <line num="169" count="1" type="stmt"/>
        <line num="180" count="12" type="stmt"/>
        <line num="208" count="3" type="stmt"/>
        <line num="210" count="3" type="cond" truecount="1" falsecount="0"/>
        <line num="211" count="3" type="stmt"/>
        <line num="217" count="3" type="cond" truecount="1" falsecount="0"/>
        <line num="218" count="1" type="stmt"/>
        <line num="224" count="3" type="cond" truecount="1" falsecount="0"/>
        <line num="225" count="1" type="stmt"/>
        <line num="228" count="3" type="cond" truecount="1" falsecount="0"/>
        <line num="229" count="1" type="stmt"/>
        <line num="232" count="3" type="stmt"/>
        <line num="243" count="3" type="stmt"/>
        <line num="272" count="6" type="cond" truecount="2" falsecount="0"/>
        <line num="275" count="5" type="stmt"/>
        <line num="278" count="2" type="stmt"/>
        <line num="279" count="2" type="stmt"/>
        <line num="280" count="2" type="stmt"/>
        <line num="281" count="2" type="stmt"/>
        <line num="289" count="5" type="cond" truecount="2" falsecount="0"/>
        <line num="290" count="4" type="stmt"/>
        <line num="296" count="1" type="stmt"/>
        <line num="299" count="1" type="stmt"/>
        <line num="306" count="1" type="stmt"/>
        <line num="309" count="1" type="stmt"/>
        <line num="313" count="2" type="stmt"/>
        <line num="321" count="1" type="stmt"/>
        <line num="326" count="1" type="stmt"/>
        <line num="331" count="6" type="stmt"/>
        <line num="349" count="2" type="stmt"/>
        <line num="352" count="1" type="stmt"/>
        <line num="364" count="2" type="stmt"/>
        <line num="382" count="2" type="stmt"/>
        <line num="397" count="2" type="stmt"/>
        <line num="412" count="2" type="stmt"/>
      </file>
    </package>
    <package name="modules.node.controller">
      <metrics statements="8" coveredstatements="8" conditionals="0" coveredconditionals="0" methods="2" coveredmethods="2"/>
      <file name="node.controller.ts" path="D:\DungDM3\Penta\PentaSourceCode\PentaBackend\src\modules\node\controller\node.controller.ts">
        <metrics statements="8" coveredstatements="8" conditionals="0" coveredconditionals="0" methods="2" coveredmethods="2"/>
        <line num="1" count="1" type="stmt"/>
        <line num="2" count="1" type="stmt"/>
        <line num="3" count="1" type="stmt"/>
        <line num="4" count="1" type="stmt"/>
        <line num="8" count="1" type="stmt"/>
        <line num="9" count="2" type="stmt"/>
        <line num="20" count="1" type="stmt"/>
        <line num="21" count="1" type="stmt"/>
      </file>
    </package>
    <package name="modules.node.service">
      <metrics statements="20" coveredstatements="20" conditionals="2" coveredconditionals="2" methods="5" coveredmethods="5"/>
      <file name="edge.service.ts" path="D:\DungDM3\Penta\PentaSourceCode\PentaBackend\src\modules\node\service\edge.service.ts">
        <metrics statements="8" coveredstatements="8" conditionals="0" coveredconditionals="0" methods="2" coveredmethods="2"/>
        <line num="1" count="2" type="stmt"/>
        <line num="2" count="2" type="stmt"/>
        <line num="3" count="2" type="stmt"/>
        <line num="5" count="2" type="stmt"/>
        <line num="8" count="2" type="stmt"/>
        <line num="10" count="2" type="stmt"/>
        <line num="18" count="1" type="stmt"/>
        <line num="24" count="1" type="stmt"/>
      </file>
      <file name="rsu.service.ts" path="D:\DungDM3\Penta\PentaSourceCode\PentaBackend\src\modules\node\service\rsu.service.ts">
        <metrics statements="12" coveredstatements="12" conditionals="2" coveredconditionals="2" methods="3" coveredmethods="3"/>
        <line num="1" count="4" type="stmt"/>
        <line num="2" count="4" type="stmt"/>
        <line num="3" count="4" type="stmt"/>
        <line num="4" count="4" type="stmt"/>
        <line num="7" count="4" type="stmt"/>
        <line num="8" count="5" type="stmt"/>
        <line num="16" count="2" type="stmt"/>
        <line num="32" count="2" type="stmt"/>
        <line num="35" count="2" type="cond" truecount="2" falsecount="0"/>
        <line num="36" count="1" type="stmt"/>
        <line num="37" count="1" type="stmt"/>
        <line num="39" count="1" type="stmt"/>
      </file>
    </package>
  </project>
</coverage>
