{"D:\\DungDM3\\Penta\\PentaSourceCode\\PentaBackend\\src\\config\\database\\typeorm-config.service.ts": {"path":"D:\\DungDM3\\Penta\\PentaSourceCode\\PentaBackend\\src\\config\\database\\typeorm-config.service.ts","statementMap":{"0":{"start":{"line":1,"column":0},"end":{"line":1,"column":44}},"1":{"start":{"line":2,"column":0},"end":{"line":2,"column":47}},"2":{"start":{"line":6,"column":0},"end":{"line":31,"column":null}},"3":{"start":{"line":7,"column":22},"end":{"line":7,"column":37}},"4":{"start":{"line":10,"column":4},"end":{"line":29,"column":30}},"5":{"start":{"line":6,"column":13},"end":{"line":31,"column":null}},"6":{"start":{"line":6,"column":13},"end":{"line":6,"column":33}}},"fnMap":{"0":{"name":"(anonymous_2)","decl":{"start":{"line":7,"column":2},"end":{"line":7,"column":22}},"loc":{"start":{"line":7,"column":50},"end":{"line":7,"column":54}}},"1":{"name":"(anonymous_3)","decl":{"start":{"line":9,"column":2},"end":{"line":9,"column":22}},"loc":{"start":{"line":9,"column":22},"end":{"line":30,"column":3}}}},"branchMap":{},"s":{"0":1,"1":1,"2":1,"3":2,"4":1,"5":1,"6":1},"f":{"0":2,"1":1},"b":{}}
,"D:\\DungDM3\\Penta\\PentaSourceCode\\PentaBackend\\src\\modules\\cronjob\\service\\cronjob.service.ts": {"path":"D:\\DungDM3\\Penta\\PentaSourceCode\\PentaBackend\\src\\modules\\cronjob\\service\\cronjob.service.ts","statementMap":{"0":{"start":{"line":1,"column":0},"end":{"line":1,"column":52}},"1":{"start":{"line":2,"column":0},"end":{"line":2,"column":47}},"2":{"start":{"line":3,"column":0},"end":{"line":3,"column":40}},"3":{"start":{"line":4,"column":0},"end":{"line":4,"column":42}},"4":{"start":{"line":5,"column":0},"end":{"line":5,"column":65}},"5":{"start":{"line":8,"column":27},"end":{"line":41,"column":null}},"6":{"start":{"line":12,"column":12},"end":{"line":12,"column":26}},"7":{"start":{"line":13,"column":12},"end":{"line":13,"column":27}},"8":{"start":{"line":9,"column":19},"end":{"line":9,"column":60}},"9":{"start":{"line":21,"column":4},"end":{"line":39,"column":null}},"10":{"start":{"line":22,"column":20},"end":{"line":22,"column":44}},"11":{"start":{"line":23,"column":6},"end":{"line":23,"column":43}},"12":{"start":{"line":26,"column":8},"end":{"line":26,"column":77}},"13":{"start":{"line":28,"column":33},"end":{"line":30,"column":22}},"14":{"start":{"line":31,"column":6},"end":{"line":31,"column":67}},"15":{"start":{"line":33,"column":21},"end":{"line":34,"column":null}},"16":{"start":{"line":36,"column":6},"end":{"line":36,"column":59}},"17":{"start":{"line":38,"column":6},"end":{"line":38,"column":72}},"18":{"start":{"line":20,"column":2},"end":{"line":40,"column":null}},"19":{"start":{"line":8,"column":13},"end":{"line":41,"column":null}},"20":{"start":{"line":8,"column":13},"end":{"line":8,"column":27}}},"fnMap":{"0":{"name":"(anonymous_2)","decl":{"start":{"line":11,"column":2},"end":{"line":11,"column":null}},"loc":{"start":{"line":13,"column":40},"end":{"line":14,"column":6}}},"1":{"name":"(anonymous_3)","decl":{"start":{"line":20,"column":2},"end":{"line":20,"column":7}},"loc":{"start":{"line":20,"column":31},"end":{"line":40,"column":3}}}},"branchMap":{"0":{"loc":{"start":{"line":26,"column":8},"end":{"line":26,"column":77}},"type":"binary-expr","locations":[{"start":{"line":26,"column":8},"end":{"line":26,"column":72}},{"start":{"line":26,"column":76},"end":{"line":26,"column":77}}]}},"s":{"0":1,"1":1,"2":1,"3":1,"4":1,"5":1,"6":5,"7":5,"8":5,"9":4,"10":4,"11":4,"12":4,"13":4,"14":4,"15":4,"16":3,"17":1,"18":1,"19":1,"20":1},"f":{"0":5,"1":4},"b":{"0":[4,3]}}
,"D:\\DungDM3\\Penta\\PentaSourceCode\\PentaBackend\\src\\modules\\event\\controller\\event.controller.ts": {"path":"D:\\DungDM3\\Penta\\PentaSourceCode\\PentaBackend\\src\\modules\\event\\controller\\event.controller.ts","statementMap":{"0":{"start":{"line":1,"column":0},"end":{"line":1,"column":56}},"1":{"start":{"line":2,"column":0},"end":{"line":2,"column":71}},"2":{"start":{"line":3,"column":0},"end":{"line":3,"column":65}},"3":{"start":{"line":4,"column":0},"end":{"line":4,"column":77}},"4":{"start":{"line":5,"column":0},"end":{"line":5,"column":82}},"5":{"start":{"line":6,"column":0},"end":{"line":6,"column":56}},"6":{"start":{"line":7,"column":0},"end":{"line":7,"column":62}},"7":{"start":{"line":11,"column":0},"end":{"line":41,"column":null}},"8":{"start":{"line":12,"column":22},"end":{"line":12,"column":36}},"9":{"start":{"line":25,"column":4},"end":{"line":25,"column":50}},"10":{"start":{"line":39,"column":4},"end":{"line":39,"column":52}},"11":{"start":{"line":24,"column":2},"end":{"line":26,"column":null}},"12":{"start":{"line":38,"column":2},"end":{"line":40,"column":null}},"13":{"start":{"line":11,"column":13},"end":{"line":41,"column":null}},"14":{"start":{"line":11,"column":13},"end":{"line":11,"column":28}}},"fnMap":{"0":{"name":"(anonymous_4)","decl":{"start":{"line":12,"column":2},"end":{"line":12,"column":22}},"loc":{"start":{"line":12,"column":48},"end":{"line":12,"column":52}}},"1":{"name":"(anonymous_5)","decl":{"start":{"line":24,"column":2},"end":{"line":24,"column":17}},"loc":{"start":{"line":24,"column":56},"end":{"line":26,"column":3}}},"2":{"name":"(anonymous_6)","decl":{"start":{"line":38,"column":2},"end":{"line":38,"column":19}},"loc":{"start":{"line":38,"column":60},"end":{"line":40,"column":3}}}},"branchMap":{},"s":{"0":1,"1":1,"2":1,"3":1,"4":1,"5":1,"6":1,"7":1,"8":4,"9":1,"10":2,"11":1,"12":1,"13":1,"14":1},"f":{"0":4,"1":1,"2":2},"b":{}}
,"D:\\DungDM3\\Penta\\PentaSourceCode\\PentaBackend\\src\\modules\\event\\service\\event.service.ts": {"path":"D:\\DungDM3\\Penta\\PentaSourceCode\\PentaBackend\\src\\modules\\event\\service\\event.service.ts","statementMap":{"0":{"start":{"line":1,"column":0},"end":{"line":1,"column":44}},"1":{"start":{"line":2,"column":0},"end":{"line":2,"column":47}},"2":{"start":{"line":3,"column":0},"end":{"line":3,"column":51}},"3":{"start":{"line":4,"column":0},"end":{"line":4,"column":71}},"4":{"start":{"line":5,"column":0},"end":{"line":5,"column":null}},"5":{"start":{"line":16,"column":0},"end":{"line":16,"column":47}},"6":{"start":{"line":17,"column":0},"end":{"line":17,"column":53}},"7":{"start":{"line":23,"column":0},"end":{"line":419,"column":null}},"8":{"start":{"line":25,"column":37},"end":{"line":25,"column":54}},"9":{"start":{"line":26,"column":12},"end":{"line":26,"column":27}},"10":{"start":{"line":27,"column":12},"end":{"line":27,"column":24}},"11":{"start":{"line":39,"column":6},"end":{"line":39,"column":20}},"12":{"start":{"line":41,"column":4},"end":{"line":48,"column":null}},"13":{"start":{"line":42,"column":6},"end":{"line":47,"column":8}},"14":{"start":{"line":50,"column":19},"end":{"line":50,"column":36}},"15":{"start":{"line":52,"column":23},"end":{"line":52,"column":63}},"16":{"start":{"line":54,"column":4},"end":{"line":59,"column":7}},"17":{"start":{"line":61,"column":4},"end":{"line":61,"column":56}},"18":{"start":{"line":63,"column":4},"end":{"line":63,"column":56}},"19":{"start":{"line":65,"column":38},"end":{"line":68,"column":6}},"20":{"start":{"line":70,"column":4},"end":{"line":75,"column":6}},"21":{"start":{"line":93,"column":8},"end":{"line":93,"column":22}},"22":{"start":{"line":95,"column":4},"end":{"line":100,"column":null}},"23":{"start":{"line":96,"column":6},"end":{"line":99,"column":8}},"24":{"start":{"line":102,"column":23},"end":{"line":102,"column":63}},"25":{"start":{"line":104,"column":4},"end":{"line":109,"column":null}},"26":{"start":{"line":105,"column":6},"end":{"line":108,"column":8}},"27":{"start":{"line":111,"column":4},"end":{"line":116,"column":7}},"28":{"start":{"line":118,"column":4},"end":{"line":118,"column":56}},"29":{"start":{"line":120,"column":4},"end":{"line":120,"column":47}},"30":{"start":{"line":122,"column":22},"end":{"line":122,"column":53}},"31":{"start":{"line":124,"column":18},"end":{"line":124,"column":23}},"32":{"start":{"line":125,"column":4},"end":{"line":128,"column":null}},"33":{"start":{"line":126,"column":6},"end":{"line":126,"column":21}},"34":{"start":{"line":127,"column":6},"end":{"line":127,"column":30}},"35":{"start":{"line":130,"column":4},"end":{"line":133,"column":6}},"36":{"start":{"line":143,"column":4},"end":{"line":158,"column":null}},"37":{"start":{"line":147,"column":6},"end":{"line":157,"column":8}},"38":{"start":{"line":159,"column":18},"end":{"line":159,"column":56}},"39":{"start":{"line":160,"column":4},"end":{"line":160,"column":44}},"40":{"start":{"line":169,"column":4},"end":{"line":172,"column":7}},"41":{"start":{"line":180,"column":4},"end":{"line":195,"column":22}},"42":{"start":{"line":208,"column":54},"end":{"line":208,"column":74}},"43":{"start":{"line":210,"column":4},"end":{"line":215,"column":null}},"44":{"start":{"line":211,"column":6},"end":{"line":214,"column":21}},"45":{"start":{"line":217,"column":4},"end":{"line":222,"column":null}},"46":{"start":{"line":218,"column":6},"end":{"line":221,"column":21}},"47":{"start":{"line":224,"column":4},"end":{"line":226,"column":null}},"48":{"start":{"line":225,"column":6},"end":{"line":225,"column":80}},"49":{"start":{"line":228,"column":4},"end":{"line":230,"column":null}},"50":{"start":{"line":229,"column":6},"end":{"line":229,"column":76}},"51":{"start":{"line":232,"column":4},"end":{"line":232,"column":24}},"52":{"start":{"line":243,"column":4},"end":{"line":243,"column":63}},"53":{"start":{"line":272,"column":4},"end":{"line":329,"column":null}},"54":{"start":{"line":275,"column":6},"end":{"line":287,"column":8}},"55":{"start":{"line":278,"column":29},"end":{"line":278,"column":76}},"56":{"start":{"line":279,"column":29},"end":{"line":279,"column":76}},"57":{"start":{"line":280,"column":29},"end":{"line":280,"column":76}},"58":{"start":{"line":281,"column":8},"end":{"line":286,"column":12}},"59":{"start":{"line":289,"column":6},"end":{"line":324,"column":null}},"60":{"start":{"line":290,"column":8},"end":{"line":294,"column":65}},"61":{"start":{"line":296,"column":8},"end":{"line":304,"column":10}},"62":{"start":{"line":299,"column":10},"end":{"line":303,"column":67}},"63":{"start":{"line":306,"column":8},"end":{"line":319,"column":10}},"64":{"start":{"line":309,"column":10},"end":{"line":318,"column":14}},"65":{"start":{"line":313,"column":18},"end":{"line":313,"column":79}},"66":{"start":{"line":321,"column":8},"end":{"line":323,"column":10}},"67":{"start":{"line":326,"column":6},"end":{"line":328,"column":9}},"68":{"start":{"line":331,"column":4},"end":{"line":336,"column":6}},"69":{"start":{"line":349,"column":40},"end":{"line":362,"column":5}},"70":{"start":{"line":352,"column":6},"end":{"line":361,"column":11}},"71":{"start":{"line":364,"column":4},"end":{"line":369,"column":6}},"72":{"start":{"line":382,"column":4},"end":{"line":384,"column":7}},"73":{"start":{"line":397,"column":4},"end":{"line":399,"column":7}},"74":{"start":{"line":412,"column":4},"end":{"line":417,"column":6}},"75":{"start":{"line":23,"column":13},"end":{"line":419,"column":null}},"76":{"start":{"line":23,"column":13},"end":{"line":23,"column":25}}},"fnMap":{"0":{"name":"(anonymous_4)","decl":{"start":{"line":24,"column":2},"end":{"line":24,"column":null}},"loc":{"start":{"line":27,"column":34},"end":{"line":28,"column":6}}},"1":{"name":"(anonymous_5)","decl":{"start":{"line":35,"column":2},"end":{"line":35,"column":7}},"loc":{"start":{"line":36,"column":43},"end":{"line":76,"column":3}}},"2":{"name":"(anonymous_6)","decl":{"start":{"line":83,"column":2},"end":{"line":83,"column":7}},"loc":{"start":{"line":84,"column":45},"end":{"line":134,"column":3}}},"3":{"name":"(anonymous_7)","decl":{"start":{"line":142,"column":2},"end":{"line":142,"column":7}},"loc":{"start":{"line":142,"column":38},"end":{"line":161,"column":3}}},"4":{"name":"(anonymous_8)","decl":{"start":{"line":168,"column":2},"end":{"line":168,"column":18}},"loc":{"start":{"line":168,"column":37},"end":{"line":173,"column":3}}},"5":{"name":"(anonymous_9)","decl":{"start":{"line":179,"column":2},"end":{"line":179,"column":35}},"loc":{"start":{"line":179,"column":35},"end":{"line":196,"column":3}}},"6":{"name":"(anonymous_10)","decl":{"start":{"line":204,"column":2},"end":{"line":204,"column":41}},"loc":{"start":{"line":206,"column":49},"end":{"line":233,"column":3}}},"7":{"name":"(anonymous_11)","decl":{"start":{"line":240,"column":2},"end":{"line":240,"column":19}},"loc":{"start":{"line":241,"column":43},"end":{"line":244,"column":3}}},"8":{"name":"(anonymous_12)","decl":{"start":{"line":252,"column":2},"end":{"line":252,"column":29}},"loc":{"start":{"line":254,"column":22},"end":{"line":337,"column":3}}},"9":{"name":"(anonymous_13)","decl":{"start":{"line":275,"column":38},"end":{"line":275,"column":null}},"loc":{"start":{"line":277,"column":10},"end":{"line":287,"column":7}}},"10":{"name":"(anonymous_14)","decl":{"start":{"line":296,"column":62},"end":{"line":296,"column":null}},"loc":{"start":{"line":298,"column":12},"end":{"line":304,"column":9}}},"11":{"name":"(anonymous_15)","decl":{"start":{"line":306,"column":55},"end":{"line":306,"column":null}},"loc":{"start":{"line":308,"column":12},"end":{"line":319,"column":9}}},"12":{"name":"(anonymous_16)","decl":{"start":{"line":312,"column":16},"end":{"line":312,"column":17}},"loc":{"start":{"line":313,"column":18},"end":{"line":313,"column":79}}},"13":{"name":"(anonymous_17)","decl":{"start":{"line":345,"column":2},"end":{"line":345,"column":28}},"loc":{"start":{"line":347,"column":19},"end":{"line":370,"column":3}}},"14":{"name":"(anonymous_18)","decl":{"start":{"line":349,"column":40},"end":{"line":349,"column":null}},"loc":{"start":{"line":351,"column":8},"end":{"line":362,"column":5}}},"15":{"name":"(anonymous_19)","decl":{"start":{"line":378,"column":2},"end":{"line":378,"column":30}},"loc":{"start":{"line":380,"column":21},"end":{"line":385,"column":3}}},"16":{"name":"(anonymous_20)","decl":{"start":{"line":393,"column":2},"end":{"line":393,"column":28}},"loc":{"start":{"line":395,"column":19},"end":{"line":400,"column":3}}},"17":{"name":"(anonymous_21)","decl":{"start":{"line":408,"column":2},"end":{"line":408,"column":42}},"loc":{"start":{"line":410,"column":33},"end":{"line":418,"column":3}}}},"branchMap":{"0":{"loc":{"start":{"line":41,"column":4},"end":{"line":48,"column":null}},"type":"if","locations":[{"start":{"line":41,"column":4},"end":{"line":48,"column":null}}]},"1":{"loc":{"start":{"line":95,"column":4},"end":{"line":100,"column":null}},"type":"if","locations":[{"start":{"line":95,"column":4},"end":{"line":100,"column":null}}]},"2":{"loc":{"start":{"line":104,"column":4},"end":{"line":109,"column":null}},"type":"if","locations":[{"start":{"line":104,"column":4},"end":{"line":109,"column":null}}]},"3":{"loc":{"start":{"line":125,"column":4},"end":{"line":128,"column":null}},"type":"if","locations":[{"start":{"line":125,"column":4},"end":{"line":128,"column":null}}]},"4":{"loc":{"start":{"line":143,"column":4},"end":{"line":158,"column":null}},"type":"if","locations":[{"start":{"line":143,"column":4},"end":{"line":158,"column":null}}]},"5":{"loc":{"start":{"line":210,"column":4},"end":{"line":215,"column":null}},"type":"if","locations":[{"start":{"line":210,"column":4},"end":{"line":215,"column":null}}]},"6":{"loc":{"start":{"line":217,"column":4},"end":{"line":222,"column":null}},"type":"if","locations":[{"start":{"line":217,"column":4},"end":{"line":222,"column":null}}]},"7":{"loc":{"start":{"line":224,"column":4},"end":{"line":226,"column":null}},"type":"if","locations":[{"start":{"line":224,"column":4},"end":{"line":226,"column":null}}]},"8":{"loc":{"start":{"line":228,"column":4},"end":{"line":230,"column":null}},"type":"if","locations":[{"start":{"line":228,"column":4},"end":{"line":230,"column":null}}]},"9":{"loc":{"start":{"line":272,"column":4},"end":{"line":329,"column":null}},"type":"if","locations":[{"start":{"line":272,"column":4},"end":{"line":329,"column":null}},{"start":{"line":325,"column":11},"end":{"line":329,"column":null}}]},"10":{"loc":{"start":{"line":289,"column":6},"end":{"line":324,"column":null}},"type":"if","locations":[{"start":{"line":289,"column":6},"end":{"line":324,"column":null}},{"start":{"line":295,"column":13},"end":{"line":324,"column":null}}]}},"s":{"0":3,"1":3,"2":3,"3":3,"4":3,"5":3,"6":3,"7":3,"8":17,"9":17,"10":17,"11":2,"12":2,"13":1,"14":1,"15":1,"16":1,"17":1,"18":1,"19":1,"20":1,"21":2,"22":2,"23":1,"24":1,"25":1,"26":1,"27":1,"28":1,"29":1,"30":1,"31":1,"32":1,"33":1,"34":1,"35":1,"36":1,"37":1,"38":1,"39":1,"40":1,"41":12,"42":3,"43":3,"44":3,"45":3,"46":1,"47":3,"48":1,"49":3,"50":1,"51":3,"52":3,"53":6,"54":5,"55":2,"56":2,"57":2,"58":2,"59":5,"60":4,"61":1,"62":1,"63":1,"64":1,"65":2,"66":1,"67":1,"68":6,"69":2,"70":1,"71":2,"72":2,"73":2,"74":2,"75":3,"76":3},"f":{"0":17,"1":2,"2":2,"3":1,"4":1,"5":12,"6":3,"7":3,"8":6,"9":2,"10":1,"11":1,"12":2,"13":2,"14":1,"15":2,"16":2,"17":2},"b":{"0":[1],"1":[1],"2":[1],"3":[1],"4":[1],"5":[3],"6":[1],"7":[1],"8":[1],"9":[5,1],"10":[4,1]}}
,"D:\\DungDM3\\Penta\\PentaSourceCode\\PentaBackend\\src\\modules\\node\\controller\\node.controller.ts": {"path":"D:\\DungDM3\\Penta\\PentaSourceCode\\PentaBackend\\src\\modules\\node\\controller\\node.controller.ts","statementMap":{"0":{"start":{"line":1,"column":0},"end":{"line":1,"column":49}},"1":{"start":{"line":2,"column":0},"end":{"line":2,"column":71}},"2":{"start":{"line":3,"column":0},"end":{"line":3,"column":51}},"3":{"start":{"line":4,"column":0},"end":{"line":4,"column":54}},"4":{"start":{"line":8,"column":0},"end":{"line":23,"column":null}},"5":{"start":{"line":9,"column":22},"end":{"line":9,"column":35}},"6":{"start":{"line":21,"column":4},"end":{"line":21,"column":38}},"7":{"start":{"line":20,"column":2},"end":{"line":22,"column":null}},"8":{"start":{"line":8,"column":13},"end":{"line":23,"column":null}},"9":{"start":{"line":8,"column":13},"end":{"line":8,"column":27}}},"fnMap":{"0":{"name":"(anonymous_2)","decl":{"start":{"line":9,"column":2},"end":{"line":9,"column":22}},"loc":{"start":{"line":9,"column":46},"end":{"line":9,"column":50}}},"1":{"name":"(anonymous_3)","decl":{"start":{"line":20,"column":2},"end":{"line":20,"column":13}},"loc":{"start":{"line":20,"column":13},"end":{"line":22,"column":3}}}},"branchMap":{},"s":{"0":1,"1":1,"2":1,"3":1,"4":1,"5":2,"6":1,"7":1,"8":1,"9":1},"f":{"0":2,"1":1},"b":{}}
,"D:\\DungDM3\\Penta\\PentaSourceCode\\PentaBackend\\src\\modules\\node\\service\\edge.service.ts": {"path":"D:\\DungDM3\\Penta\\PentaSourceCode\\PentaBackend\\src\\modules\\node\\service\\edge.service.ts","statementMap":{"0":{"start":{"line":1,"column":0},"end":{"line":1,"column":44}},"1":{"start":{"line":2,"column":0},"end":{"line":2,"column":51}},"2":{"start":{"line":3,"column":0},"end":{"line":3,"column":37}},"3":{"start":{"line":5,"column":0},"end":{"line":5,"column":45}},"4":{"start":{"line":8,"column":0},"end":{"line":26,"column":null}},"5":{"start":{"line":10,"column":36},"end":{"line":10,"column":52}},"6":{"start":{"line":18,"column":21},"end":{"line":23,"column":16}},"7":{"start":{"line":24,"column":4},"end":{"line":24,"column":24}},"8":{"start":{"line":8,"column":13},"end":{"line":26,"column":null}},"9":{"start":{"line":8,"column":13},"end":{"line":8,"column":24}}},"fnMap":{"0":{"name":"(anonymous_4)","decl":{"start":{"line":9,"column":2},"end":{"line":9,"column":null}},"loc":{"start":{"line":10,"column":68},"end":{"line":11,"column":6}}},"1":{"name":"(anonymous_5)","decl":{"start":{"line":17,"column":2},"end":{"line":17,"column":7}},"loc":{"start":{"line":17,"column":15},"end":{"line":25,"column":3}}}},"branchMap":{},"s":{"0":2,"1":2,"2":2,"3":2,"4":2,"5":2,"6":1,"7":1,"8":2,"9":2},"f":{"0":2,"1":1},"b":{}}
,"D:\\DungDM3\\Penta\\PentaSourceCode\\PentaBackend\\src\\modules\\node\\service\\rsu.service.ts": {"path":"D:\\DungDM3\\Penta\\PentaSourceCode\\PentaBackend\\src\\modules\\node\\service\\rsu.service.ts","statementMap":{"0":{"start":{"line":1,"column":0},"end":{"line":1,"column":63}},"1":{"start":{"line":2,"column":0},"end":{"line":2,"column":51}},"2":{"start":{"line":3,"column":0},"end":{"line":3,"column":37}},"3":{"start":{"line":4,"column":0},"end":{"line":4,"column":43}},"4":{"start":{"line":7,"column":0},"end":{"line":42,"column":null}},"5":{"start":{"line":8,"column":45},"end":{"line":8,"column":60}},"6":{"start":{"line":16,"column":4},"end":{"line":18,"column":7}},"7":{"start":{"line":32,"column":16},"end":{"line":34,"column":6}},"8":{"start":{"line":35,"column":4},"end":{"line":40,"column":null}},"9":{"start":{"line":36,"column":6},"end":{"line":36,"column":32}},"10":{"start":{"line":37,"column":6},"end":{"line":37,"column":42}},"11":{"start":{"line":39,"column":6},"end":{"line":39,"column":51}},"12":{"start":{"line":7,"column":13},"end":{"line":42,"column":null}},"13":{"start":{"line":7,"column":13},"end":{"line":7,"column":23}}},"fnMap":{"0":{"name":"(anonymous_4)","decl":{"start":{"line":8,"column":2},"end":{"line":8,"column":15}},"loc":{"start":{"line":8,"column":75},"end":{"line":8,"column":79}}},"1":{"name":"(anonymous_5)","decl":{"start":{"line":15,"column":2},"end":{"line":15,"column":7}},"loc":{"start":{"line":15,"column":44},"end":{"line":19,"column":3}}},"2":{"name":"(anonymous_6)","decl":{"start":{"line":28,"column":2},"end":{"line":28,"column":7}},"loc":{"start":{"line":30,"column":23},"end":{"line":41,"column":3}}}},"branchMap":{"0":{"loc":{"start":{"line":35,"column":4},"end":{"line":40,"column":null}},"type":"if","locations":[{"start":{"line":35,"column":4},"end":{"line":40,"column":null}},{"start":{"line":38,"column":11},"end":{"line":40,"column":null}}]}},"s":{"0":4,"1":4,"2":4,"3":4,"4":4,"5":5,"6":2,"7":2,"8":2,"9":1,"10":1,"11":1,"12":4,"13":4},"f":{"0":5,"1":2,"2":2},"b":{"0":[1,1]}}
}
