TN:
SF:src\config\database\typeorm-config.service.ts
FN:7,(anonymous_2)
FN:9,(anonymous_3)
FNF:2
FNH:2
FNDA:2,(anonymous_2)
FNDA:1,(anonymous_3)
DA:1,1
DA:2,1
DA:6,1
DA:7,2
DA:10,1
LF:5
LH:5
BRF:0
BRH:0
end_of_record
TN:
SF:src\modules\cronjob\service\cronjob.service.ts
FN:11,(anonymous_2)
FN:20,(anonymous_3)
FNF:2
FNH:2
FNDA:5,(anonymous_2)
FNDA:4,(anonymous_3)
DA:1,1
DA:2,1
DA:3,1
DA:4,1
DA:5,1
DA:8,1
DA:9,5
DA:12,5
DA:13,5
DA:20,1
DA:21,4
DA:22,4
DA:23,4
DA:26,4
DA:28,4
DA:31,4
DA:33,4
DA:36,3
DA:38,1
LF:19
LH:19
BRDA:26,0,0,4
BRDA:26,0,1,3
BRF:2
BRH:2
end_of_record
TN:
SF:src\modules\event\controller\event.controller.ts
FN:12,(anonymous_4)
FN:24,(anonymous_5)
FN:38,(anonymous_6)
FNF:3
FNH:3
FNDA:4,(anonymous_4)
FNDA:1,(anonymous_5)
FNDA:2,(anonymous_6)
DA:1,1
DA:2,1
DA:3,1
DA:4,1
DA:5,1
DA:6,1
DA:7,1
DA:11,1
DA:12,4
DA:24,1
DA:25,1
DA:38,1
DA:39,2
LF:13
LH:13
BRF:0
BRH:0
end_of_record
TN:
SF:src\modules\event\service\event.service.ts
FN:24,(anonymous_4)
FN:35,(anonymous_5)
FN:83,(anonymous_6)
FN:142,(anonymous_7)
FN:168,(anonymous_8)
FN:179,(anonymous_9)
FN:204,(anonymous_10)
FN:240,(anonymous_11)
FN:252,(anonymous_12)
FN:275,(anonymous_13)
FN:296,(anonymous_14)
FN:306,(anonymous_15)
FN:312,(anonymous_16)
FN:345,(anonymous_17)
FN:349,(anonymous_18)
FN:378,(anonymous_19)
FN:393,(anonymous_20)
FN:408,(anonymous_21)
FNF:18
FNH:18
FNDA:17,(anonymous_4)
FNDA:2,(anonymous_5)
FNDA:2,(anonymous_6)
FNDA:1,(anonymous_7)
FNDA:1,(anonymous_8)
FNDA:12,(anonymous_9)
FNDA:3,(anonymous_10)
FNDA:3,(anonymous_11)
FNDA:6,(anonymous_12)
FNDA:2,(anonymous_13)
FNDA:1,(anonymous_14)
FNDA:1,(anonymous_15)
FNDA:2,(anonymous_16)
FNDA:2,(anonymous_17)
FNDA:1,(anonymous_18)
FNDA:2,(anonymous_19)
FNDA:2,(anonymous_20)
FNDA:2,(anonymous_21)
DA:1,3
DA:2,3
DA:3,3
DA:4,3
DA:5,3
DA:16,3
DA:17,3
DA:23,3
DA:25,17
DA:26,17
DA:27,17
DA:39,2
DA:41,2
DA:42,1
DA:50,1
DA:52,1
DA:54,1
DA:61,1
DA:63,1
DA:65,1
DA:70,1
DA:93,2
DA:95,2
DA:96,1
DA:102,1
DA:104,1
DA:105,1
DA:111,1
DA:118,1
DA:120,1
DA:122,1
DA:124,1
DA:125,1
DA:126,1
DA:127,1
DA:130,1
DA:143,1
DA:147,1
DA:159,1
DA:160,1
DA:169,1
DA:180,12
DA:208,3
DA:210,3
DA:211,3
DA:217,3
DA:218,1
DA:224,3
DA:225,1
DA:228,3
DA:229,1
DA:232,3
DA:243,3
DA:272,6
DA:275,5
DA:278,2
DA:279,2
DA:280,2
DA:281,2
DA:289,5
DA:290,4
DA:296,1
DA:299,1
DA:306,1
DA:309,1
DA:313,2
DA:321,1
DA:326,1
DA:331,6
DA:349,2
DA:352,1
DA:364,2
DA:382,2
DA:397,2
DA:412,2
LF:75
LH:75
BRDA:41,0,0,1
BRDA:95,1,0,1
BRDA:104,2,0,1
BRDA:125,3,0,1
BRDA:143,4,0,1
BRDA:210,5,0,3
BRDA:217,6,0,1
BRDA:224,7,0,1
BRDA:228,8,0,1
BRDA:272,9,0,5
BRDA:272,9,1,1
BRDA:289,10,0,4
BRDA:289,10,1,1
BRF:13
BRH:13
end_of_record
TN:
SF:src\modules\node\controller\node.controller.ts
FN:9,(anonymous_2)
FN:20,(anonymous_3)
FNF:2
FNH:2
FNDA:2,(anonymous_2)
FNDA:1,(anonymous_3)
DA:1,1
DA:2,1
DA:3,1
DA:4,1
DA:8,1
DA:9,2
DA:20,1
DA:21,1
LF:8
LH:8
BRF:0
BRH:0
end_of_record
TN:
SF:src\modules\node\service\edge.service.ts
FN:9,(anonymous_4)
FN:17,(anonymous_5)
FNF:2
FNH:2
FNDA:2,(anonymous_4)
FNDA:1,(anonymous_5)
DA:1,2
DA:2,2
DA:3,2
DA:5,2
DA:8,2
DA:10,2
DA:18,1
DA:24,1
LF:8
LH:8
BRF:0
BRH:0
end_of_record
TN:
SF:src\modules\node\service\rsu.service.ts
FN:8,(anonymous_4)
FN:15,(anonymous_5)
FN:28,(anonymous_6)
FNF:3
FNH:3
FNDA:5,(anonymous_4)
FNDA:2,(anonymous_5)
FNDA:2,(anonymous_6)
DA:1,4
DA:2,4
DA:3,4
DA:4,4
DA:7,4
DA:8,5
DA:16,2
DA:32,2
DA:35,2
DA:36,1
DA:37,1
DA:39,1
LF:12
LH:12
BRDA:35,0,0,1
BRDA:35,0,1,1
BRF:2
BRH:2
end_of_record
